Determining if the pthread_create exist failed with the following output:
Change Dir: /home/agx/agx_ws/src/ros_phoenix/Phoenix-Linux-SocketCAN-Example/bin/CMakeFiles/CMakeTmp

Run Build Command:"/usr/bin/make" "cmTC_e7252/fast"
/usr/bin/make -f CMakeFiles/cmTC_e7252.dir/build.make CMakeFiles/cmTC_e7252.dir/build
make[1]: Entering directory '/home/agx/agx_ws/src/ros_phoenix/Phoenix-Linux-SocketCAN-Example/bin/CMakeFiles/CMakeTmp'
Building C object CMakeFiles/cmTC_e7252.dir/CheckSymbolExists.c.o
/usr/bin/cc    -o CMakeFiles/cmTC_e7252.dir/CheckSymbolExists.c.o   -c /home/agx/agx_ws/src/ros_phoenix/Phoenix-Linux-SocketCAN-Example/bin/CMakeFiles/CMakeTmp/CheckSymbolExists.c
Linking C executable cmTC_e7252
/usr/bin/cmake -E cmake_link_script CMakeFiles/cmTC_e7252.dir/link.txt --verbose=1
/usr/bin/cc      -rdynamic CMakeFiles/cmTC_e7252.dir/CheckSymbolExists.c.o  -o cmTC_e7252 
CMakeFiles/cmTC_e7252.dir/CheckSymbolExists.c.o: In function `main':
CheckSymbolExists.c:(.text+0x14): undefined reference to `pthread_create'
CheckSymbolExists.c:(.text+0x18): undefined reference to `pthread_create'
collect2: error: ld returned 1 exit status
CMakeFiles/cmTC_e7252.dir/build.make:97: recipe for target 'cmTC_e7252' failed
make[1]: *** [cmTC_e7252] Error 1
make[1]: Leaving directory '/home/agx/agx_ws/src/ros_phoenix/Phoenix-Linux-SocketCAN-Example/bin/CMakeFiles/CMakeTmp'
Makefile:126: recipe for target 'cmTC_e7252/fast' failed
make: *** [cmTC_e7252/fast] Error 2

File /home/agx/agx_ws/src/ros_phoenix/Phoenix-Linux-SocketCAN-Example/bin/CMakeFiles/CMakeTmp/CheckSymbolExists.c:
/* */
#include <pthread.h>

int main(int argc, char** argv)
{
  (void)argv;
#ifndef pthread_create
  return ((int*)(&pthread_create))[argc];
#else
  (void)argc;
  return 0;
#endif
}

